2022-05-12 15:26:42,104  * Running on http://127.0.0.1:5000/ (Press CTRL+C to quit)
2022-05-12 15:26:45,533 127.0.0.1 - - [12/May/2022 15:26:45] "[37mGET / HTTP/1.1[0m" 200 -
2022-05-12 15:26:55,027 Status:- Drowsiness not detected with threshold time 0
2022-05-12 15:26:55,075 127.0.0.1 - - [12/May/2022 15:26:55] "[37mGET /video_feed HTTP/1.1[0m" 200 -
2022-05-12 15:26:55,205 Status:- Drowsiness not detected with threshold time 0
2022-05-12 15:26:55,337 Status:- Drowsiness not detected with threshold time 0
2022-05-12 15:26:55,473 Status:- Drowsiness not detected with threshold time 0
2022-05-12 15:26:55,606 Status:- Drowsiness not detected with threshold time 0
2022-05-12 15:26:55,734 Status:- Drowsiness not detected with threshold time 0
2022-05-12 15:26:55,863 Status:- Drowsiness not detected with threshold time 0
2022-05-12 15:26:55,999 Status:- Drowsiness not detected with threshold time 0
2022-05-12 15:26:56,141 Status:- Drowsiness not detected with threshold time 0
2022-05-12 15:26:56,267 Status:- Drowsiness not detected with threshold time 0
2022-05-12 15:26:56,390 Status:- Drowsiness not detected with threshold time 0
2022-05-12 15:26:56,519 Status:- Drowsiness not detected with threshold time 3
2022-05-12 15:26:56,643 Status:- Drowsiness not detected with threshold time 3
2022-05-12 15:26:56,774 Status:- Drowsiness not detected with threshold time 2
2022-05-12 15:26:56,900 Status:- Drowsiness not detected with threshold time 1
2022-05-12 15:26:57,033 Status:- Drowsiness not detected with threshold time 1
2022-05-12 15:26:57,167 Status:- Drowsiness not detected with threshold time 0
2022-05-12 15:26:57,294 Status:- Drowsiness not detected with threshold time 0
2022-05-12 15:26:57,438 Status:- Drowsiness not detected with threshold time 0
2022-05-12 15:26:57,576 Status:- Drowsiness not detected with threshold time 0
2022-05-12 15:26:57,716 Status:- Drowsiness not detected with threshold time 0
2022-05-12 15:26:57,879 Status:- Drowsiness not detected with threshold time 0
2022-05-12 15:26:58,018 Status:- Drowsiness not detected with threshold time 0
2022-05-12 15:26:58,149 Status:- Drowsiness not detected with threshold time 1
2022-05-12 15:26:58,288 Status:- Drowsiness not detected with threshold time 1
2022-05-12 15:26:58,413 Status:- Drowsiness not detected with threshold time 1
2022-05-12 15:26:58,540 Status:- Drowsiness not detected with threshold time 2
2022-05-12 15:26:58,666 Status:- Drowsiness not detected with threshold time 3
2022-05-12 15:26:58,818 Status:- Drowsiness not detected with threshold time 4
2022-05-12 15:26:58,964 Status:- Drowsiness not detected with threshold time 5
2022-05-12 15:26:59,094 Status:- Drowsiness State with Threshold time 6
2022-05-12 15:26:59,231 Status:- Drowsiness State with Threshold time 7
2022-05-12 15:26:59,391 Status:- Drowsiness State with Threshold time 7
2022-05-12 15:26:59,518 Status:- Drowsiness State with Threshold time 8
2022-05-12 15:26:59,643 Status:- Drowsiness State with Threshold time 9
2022-05-12 15:26:59,796 Status:- Drowsiness State with Threshold time 9
2022-05-12 15:26:59,942 Status:- Drowsiness State with Threshold time 9
2022-05-12 15:27:00,091 Status:- Drowsiness State with Threshold time 9
2022-05-12 15:27:00,237 Status:- Drowsiness State with Threshold time 9
2022-05-12 15:27:00,380 Status:- Drowsiness State with Threshold time 9
2022-05-12 15:27:00,511 Status:- Drowsiness State with Threshold time 9
2022-05-12 15:27:00,668 Status:- Drowsiness State with Threshold time 9
2022-05-12 15:27:00,814 Status:- Drowsiness State with Threshold time 9
2022-05-12 15:27:00,965 Status:- Drowsiness State with Threshold time 9
2022-05-12 15:27:01,098 Status:- Drowsiness State with Threshold time 9
2022-05-12 15:27:01,231 Status:- Drowsiness State with Threshold time 9
2022-05-12 15:27:01,358 Status:- Drowsiness State with Threshold time 9
2022-05-12 15:27:01,484 Status:- Drowsiness State with Threshold time 9
2022-05-12 15:27:01,614 Status:- Drowsiness State with Threshold time 9
2022-05-12 15:27:01,740 Status:- Drowsiness State with Threshold time 9
2022-05-12 15:27:01,875 Status:- Drowsiness State with Threshold time 9
2022-05-12 15:27:02,019 Status:- Drowsiness State with Threshold time 9
2022-05-12 15:27:02,152 Status:- Drowsiness State with Threshold time 9
2022-05-12 15:27:02,294 Status:- Drowsiness State with Threshold time 9
2022-05-12 15:27:02,429 Status:- Drowsiness State with Threshold time 9
2022-05-12 15:27:02,570 Status:- Drowsiness State with Threshold time 9
2022-05-12 15:27:02,694 Status:- Drowsiness State with Threshold time 9
2022-05-12 15:27:02,940 Status:- Drowsiness State with Threshold time 9
2022-05-12 15:27:03,332 Status:- Drowsiness State with Threshold time 9
2022-05-12 15:27:03,599 Status:- Drowsiness State with Threshold time 8
2022-05-12 15:27:03,887 Status:- Drowsiness State with Threshold time 7
2022-05-12 15:27:04,176 Status:- Drowsiness State with Threshold time 6
2022-05-12 15:27:04,462 Status:- Drowsiness not detected with threshold time 5
2022-05-12 15:27:04,725 Status:- Drowsiness not detected with threshold time 4
2022-05-12 15:27:04,983 Status:- Drowsiness not detected with threshold time 3
2022-05-12 15:27:05,139 Status:- Drowsiness not detected with threshold time 2
2022-05-12 15:27:05,279 Status:- Drowsiness not detected with threshold time 1
2022-05-12 15:27:05,405 Status:- Drowsiness not detected with threshold time 0
2022-05-12 15:27:05,532 Status:- Drowsiness not detected with threshold time 1
2022-05-12 15:27:05,681 Status:- Drowsiness not detected with threshold time 2
2022-05-12 15:27:05,858 Status:- Drowsiness not detected with threshold time 3
2022-05-12 15:27:05,999 Status:- Drowsiness not detected with threshold time 3
2022-05-12 15:27:06,135 Status:- Drowsiness not detected with threshold time 3
2022-05-12 15:27:06,273 Status:- Drowsiness not detected with threshold time 3
2022-05-12 15:27:06,431 Status:- Drowsiness not detected with threshold time 3
2022-05-12 15:27:06,566 Status:- Drowsiness not detected with threshold time 3
2022-05-12 15:27:06,703 Status:- Drowsiness not detected with threshold time 4
2022-05-12 15:27:06,863 Status:- Drowsiness not detected with threshold time 3
2022-05-12 15:27:07,009 Status:- Drowsiness not detected with threshold time 2
2022-05-12 15:27:07,152 Status:- Drowsiness not detected with threshold time 1
2022-05-12 15:27:07,285 Status:- Drowsiness not detected with threshold time 1
2022-05-12 15:27:07,436 Status:- Drowsiness not detected with threshold time 1
2022-05-12 15:27:07,564 Status:- Drowsiness not detected with threshold time 1
2022-05-12 15:27:07,694 Status:- Drowsiness not detected with threshold time 1
2022-05-12 15:27:07,864 Status:- Drowsiness not detected with threshold time 1
2022-05-12 15:27:08,048 Status:- Drowsiness not detected with threshold time 0
2022-05-12 15:27:08,187 Status:- Drowsiness not detected with threshold time 0
